0 info it worked if it ends with ok
1 verbose cli [ 'C:\\Program Files\\nodejs\\node.exe',
1 verbose cli   'C:\\Users\\renan\\AppData\\Roaming\\npm\\node_modules\\npm\\bin\\npm-cli.js',
1 verbose cli   'publish' ]
2 info using npm@3.10.6
3 info using node@v6.10.0
4 verbose publish [ '.' ]
5 silly cache add args [ '.', null ]
6 verbose cache add spec .
7 silly cache add parsed spec Result {
7 silly cache add   raw: '.',
7 silly cache add   scope: null,
7 silly cache add   escapedName: null,
7 silly cache add   name: null,
7 silly cache add   rawSpec: '.',
7 silly cache add   spec: 'D:\\luver\\host\\www\\public\\gulp-spriteluego',
7 silly cache add   type: 'directory' }
8 verbose addLocalDirectory C:\Users\renan\AppData\Roaming\npm-cache\gulp-spriteByExt\1.0.0\package.tgz not in flight; packing
9 verbose correctMkdir C:\Users\renan\AppData\Roaming\npm-cache correctMkdir not in flight; initializing
10 info lifecycle gulp-spriteByExt@1.0.0~prepublish: gulp-spriteByExt@1.0.0
11 silly lifecycle gulp-spriteByExt@1.0.0~prepublish: no script for prepublish, continuing
12 verbose tar pack [ 'C:\\Users\\renan\\AppData\\Roaming\\npm-cache\\gulp-spriteByExt\\1.0.0\\package.tgz',
12 verbose tar pack   'D:\\luver\\host\\www\\public\\gulp-spriteluego' ]
13 verbose tarball C:\Users\renan\AppData\Roaming\npm-cache\gulp-spriteByExt\1.0.0\package.tgz
14 verbose folder D:\luver\host\www\public\gulp-spriteluego
15 verbose addLocalTarball adding from inside cache C:\Users\renan\AppData\Roaming\npm-cache\gulp-spriteByExt\1.0.0\package.tgz
16 verbose correctMkdir C:\Users\renan\AppData\Roaming\npm-cache correctMkdir not in flight; initializing
17 silly cache afterAdd gulp-spriteByExt@1.0.0
18 verbose afterAdd C:\Users\renan\AppData\Roaming\npm-cache\gulp-spriteByExt\1.0.0\package\package.json not in flight; writing
19 verbose correctMkdir C:\Users\renan\AppData\Roaming\npm-cache correctMkdir not in flight; initializing
20 verbose afterAdd C:\Users\renan\AppData\Roaming\npm-cache\gulp-spriteByExt\1.0.0\package\package.json written
21 silly publish { name: 'gulp-spriteByExt',
21 silly publish   version: '1.0.0',
21 silly publish   description: 'Sprite generator by extension file',
21 silly publish   main: 'index.js',
21 silly publish   scripts: { test: 'echo "Error: no test specified" && exit 1' },
21 silly publish   keywords:
21 silly publish    [ 'spriteByExt',
21 silly publish      'gulp-spriteByExt',
21 silly publish      'gulp-sprite',
21 silly publish      'gulp-spritesheet',
21 silly publish      'sprite',
21 silly publish      'spritesheet',
21 silly publish      'gulp',
21 silly publish      'jpg',
21 silly publish      'png',
21 silly publish      'spritesmith' ],
21 silly publish   author: { name: 'TI', email: 'ti@luego.com.br' },
21 silly publish   license: 'ISC',
21 silly publish   dependencies:
21 silly publish    { gulp: '^3.9.1',
21 silly publish      'gulp-util': '^3.0.8',
21 silly publish      jimp: '^0.2.27',
21 silly publish      mkdirp: '^0.5.1',
21 silly publish      q: '^1.5.0',
21 silly publish      'spritesheet-templates': '^10.2.1',
21 silly publish      spritesmith: '^3.1.0',
21 silly publish      through2: '^2.0.3' },
21 silly publish   devDependencies: {},
21 silly publish   readme: '[gulp-spriteluego]\n',
21 silly publish   readmeFilename: 'README.md',
21 silly publish   gitHead: '9d2c288f0f65171da0916bcbdf8dad03ddfcefe6',
21 silly publish   _id: 'gulp-spriteByExt@1.0.0',
21 silly publish   _shasum: 'dd071b97c7154ced58bd2ebeccc2a7f9dbf15252',
21 silly publish   _from: '.' }
22 verbose getPublishConfig undefined
23 silly mapToRegistry name gulp-spriteByExt
24 silly mapToRegistry using default registry
25 silly mapToRegistry registry https://registry.npmjs.org/
26 silly mapToRegistry data Result {
26 silly mapToRegistry   raw: 'gulp-spriteByExt',
26 silly mapToRegistry   scope: null,
26 silly mapToRegistry   escapedName: 'gulp-spriteByExt',
26 silly mapToRegistry   name: 'gulp-spriteByExt',
26 silly mapToRegistry   rawSpec: '',
26 silly mapToRegistry   spec: 'latest',
26 silly mapToRegistry   type: 'tag' }
27 silly mapToRegistry uri https://registry.npmjs.org/gulp-spriteByExt
28 verbose publish registryBase https://registry.npmjs.org/
29 silly publish uploading C:\Users\renan\AppData\Roaming\npm-cache\gulp-spriteByExt\1.0.0\package.tgz
30 verbose request uri https://registry.npmjs.org/gulp-spriteByExt
31 verbose request sending authorization for write operation
32 info attempt registry request try #1 at 03:21:31
33 verbose request using bearer token for auth
34 verbose request id 9fb6b25f24aa3a76
35 http request PUT https://registry.npmjs.org/gulp-spriteByExt
36 http 400 https://registry.npmjs.org/gulp-spriteByExt
37 verbose headers { 'content-type': 'application/json',
37 verbose headers   'cache-control': 'max-age=300',
37 verbose headers   'content-length': '60',
37 verbose headers   'accept-ranges': 'bytes',
37 verbose headers   date: 'Fri, 24 Mar 2017 06:21:34 GMT',
37 verbose headers   via: '1.1 varnish',
37 verbose headers   connection: 'keep-alive',
37 verbose headers   'x-served-by': 'cache-gru7122-GRU',
37 verbose headers   'x-cache': 'MISS',
37 verbose headers   'x-cache-hits': '0',
37 verbose headers   'x-timer': 'S1490336492.729765,VS0,VE1443',
37 verbose headers   vary: 'Accept-Encoding' }
38 verbose request invalidating C:\Users\renan\AppData\Roaming\npm-cache\registry.npmjs.org\gulp-spriteByExt on PUT
39 error publish Failed PUT 400
40 verbose stack Error: "gulp-spriteByExt" is invalid for new packages : gulp-spriteByExt
40 verbose stack     at makeError (C:\Users\renan\AppData\Roaming\npm\node_modules\npm\node_modules\npm-registry-client\lib\request.js:264:12)
40 verbose stack     at CachingRegistryClient.<anonymous> (C:\Users\renan\AppData\Roaming\npm\node_modules\npm\node_modules\npm-registry-client\lib\request.js:252:14)
40 verbose stack     at Request._callback (C:\Users\renan\AppData\Roaming\npm\node_modules\npm\node_modules\npm-registry-client\lib\request.js:172:14)
40 verbose stack     at Request.self.callback (C:\Users\renan\AppData\Roaming\npm\node_modules\npm\node_modules\request\request.js:200:22)
40 verbose stack     at emitTwo (events.js:106:13)
40 verbose stack     at Request.emit (events.js:191:7)
40 verbose stack     at Request.<anonymous> (C:\Users\renan\AppData\Roaming\npm\node_modules\npm\node_modules\request\request.js:1067:10)
40 verbose stack     at emitOne (events.js:101:20)
40 verbose stack     at Request.emit (events.js:188:7)
40 verbose stack     at IncomingMessage.<anonymous> (C:\Users\renan\AppData\Roaming\npm\node_modules\npm\node_modules\request\request.js:988:12)
41 verbose statusCode 400
42 verbose pkgid gulp-spriteByExt
43 verbose cwd D:\luver\host\www\public\gulp-spriteluego
44 error Windows_NT 10.0.14393
45 error argv "C:\\Program Files\\nodejs\\node.exe" "C:\\Users\\renan\\AppData\\Roaming\\npm\\node_modules\\npm\\bin\\npm-cli.js" "publish"
46 error node v6.10.0
47 error npm  v3.10.6
48 error code E400
49 error "gulp-spriteByExt" is invalid for new packages : gulp-spriteByExt
50 error If you need help, you may report this error at:
50 error     <https://github.com/npm/npm/issues>
51 verbose exit [ 1, true ]
